android/app/build/intermediates/manifest_merge_blame_file/debug/manifest-merger-blame-debug-report.txt
1<?xml version="1.0" encoding="utf-8"?>
2<manifest xmlns:android="http://schemas.android.com/apk/res/android"
3    package="com.sageswedlock"
4    android:versionCode="13"
5    android:versionName="2.2" >
6
7    <uses-sdk
8        android:minSdkVersion="23"
9        android:targetSdkVersion="34" />
10
11    <uses-permission android:name="android.permission.INTERNET" />
11-->src/main/AndroidManifest.xml:3:5-67
11-->src/main/AndroidManifest.xml:3:22-64
12    <uses-permission android:name="android.permission.READ_MEDIA_IMAGES" />
12-->src/main/AndroidManifest.xml:4:1-71
12-->src/main/AndroidManifest.xml:4:18-69
13    <uses-permission android:name="android.permission.WAKE_LOCK" />
13-->src/main/AndroidManifest.xml:5:2-64
13-->src/main/AndroidManifest.xml:5:19-62
14    <uses-permission android:name="android.permission.POST_NOTIFICATIONS" />
14-->src/main/AndroidManifest.xml:6:3-74
14-->src/main/AndroidManifest.xml:6:20-72
15    <uses-permission android:name="android.permission.RECEIVE_BOOT_COMPLETED" />
15-->src/main/AndroidManifest.xml:7:3-78
15-->src/main/AndroidManifest.xml:7:20-76
16    <uses-permission android:name="android.permission.CAMERA" />
16-->src/main/AndroidManifest.xml:8:1-60
16-->src/main/AndroidManifest.xml:8:18-58
17    <uses-permission android:name="android.permission.READ_EXTERNAL_STORAGE" />
17-->src/main/AndroidManifest.xml:9:1-76
17-->src/main/AndroidManifest.xml:9:18-73
18    <uses-permission
18-->src/main/AndroidManifest.xml:10:1-76
19        android:name="android.permission.WRITE_EXTERNAL_STORAGE"
19-->src/main/AndroidManifest.xml:10:18-74
20        android:maxSdkVersion="29" />
20-->[:react-native-image-crop-picker] AndroidManifest.xml:15:9-35
21    <uses-permission android:name="com.android.vending.BILLING" />
21-->src/main/AndroidManifest.xml:11:2-64
21-->src/main/AndroidManifest.xml:11:19-61
22
23    <queries>
23-->src/main/AndroidManifest.xml:44:6-50:13
24+   
25        <intent>
25-->src/main/AndroidManifest.xml:45:5-49:14
26+     
27            <action android:name="android.intent.action.VIEW" />
27-->src/main/AndroidManifest.xml:37:17-69
27-->src/main/AndroidManifest.xml:37:25-66
28+     
29            <!-- If you don't know the MIME type in advance, set "mimeType" to "*/*". -->
30+     
31            <data android:mimeType="application/pdf" />
31-->src/main/AndroidManifest.xml:40:17-55
32+   
33        </intent>
34+ 
35        <intent>
35-->[:react-native-image-crop-picker] AndroidManifest.xml:8:9-10:18
36            <action android:name="android.media.action.IMAGE_CAPTURE" />
36-->[:react-native-image-crop-picker] AndroidManifest.xml:9:13-73
36-->[:react-native-image-crop-picker] AndroidManifest.xml:9:21-70
37        </intent>
38        <intent>
38-->[com.android.billingclient:billing:7.0.0] AndroidManifest.xml:13:9-15:18
39            <action android:name="com.android.vending.billing.InAppBillingService.BIND" />
39-->[com.android.billingclient:billing:7.0.0] AndroidManifest.xml:14:13-91
39-->[com.android.billingclient:billing:7.0.0] AndroidManifest.xml:14:21-88
40        </intent>
41    </queries>
42
43    <uses-permission android:name="android.permission.ACCESS_NETWORK_STATE" />
43-->[:react-native-firebase_auth] AndroidManifest.xml:9:5-79
43-->[:react-native-firebase_auth] AndroidManifest.xml:9:22-76
44    <!--
45    This manifest file is used only by Gradle to configure debug-only capabilities
46    for React Native Apps.
47    -->
48    <uses-permission android:name="android.permission.SYSTEM_ALERT_WINDOW" /> <!-- Required by older versions of Google Play services to create IID tokens -->
48-->[com.facebook.react:react-android:0.73.6] AndroidManifest.xml:16:5-78
48-->[com.facebook.react:react-android:0.73.6] AndroidManifest.xml:16:22-75
49    <uses-permission android:name="com.google.android.c2dm.permission.RECEIVE" />
49-->[com.google.firebase:firebase-messaging:24.0.1] AndroidManifest.xml:26:5-82
49-->[com.google.firebase:firebase-messaging:24.0.1] AndroidManifest.xml:26:22-79
50    <uses-permission android:name="android.permission.ACCESS_WIFI_STATE" />
50-->[com.facebook.flipper:flipper:0.201.0] AndroidManifest.xml:14:5-76
50-->[com.facebook.flipper:flipper:0.201.0] AndroidManifest.xml:14:22-73
51    <uses-permission android:name="com.google.android.providers.gsf.permission.READ_GSERVICES" />
51-->[com.google.android.recaptcha:recaptcha:18.4.0] AndroidManifest.xml:9:5-98
51-->[com.google.android.recaptcha:recaptcha:18.4.0] AndroidManifest.xml:9:22-95
52
53    <permission
53-->[androidx.core:core:1.9.0] AndroidManifest.xml:22:5-24:47
54        android:name="com.sageswedlock.DYNAMIC_RECEIVER_NOT_EXPORTED_PERMISSION"
54-->[androidx.core:core:1.9.0] AndroidManifest.xml:23:9-81
55        android:protectionLevel="signature" />
55-->[androidx.core:core:1.9.0] AndroidManifest.xml:24:9-44
56
57    <uses-permission android:name="com.sageswedlock.DYNAMIC_RECEIVER_NOT_EXPORTED_PERMISSION" />
57-->[androidx.core:core:1.9.0] AndroidManifest.xml:26:5-97
57-->[androidx.core:core:1.9.0] AndroidManifest.xml:26:22-94
58
59    <application
59-->src/main/AndroidManifest.xml:14:5-43:19
60        android:name="com.sageswedlock.MainApplication"
60-->src/main/AndroidManifest.xml:15:7-38
61        android:allowBackup="false"
61-->src/main/AndroidManifest.xml:19:7-34
62        android:appComponentFactory="androidx.core.app.CoreComponentFactory"
62-->[androidx.core:core:1.9.0] AndroidManifest.xml:28:18-86
63        android:debuggable="true"
64        android:extractNativeLibs="false"
65        android:icon="@mipmap/ic_launcher"
65-->src/main/AndroidManifest.xml:17:7-41
66        android:label="@string/app_name"
66-->src/main/AndroidManifest.xml:16:7-39
67        android:roundIcon="@mipmap/ic_launcher_round"
67-->src/main/AndroidManifest.xml:18:7-52
68        android:theme="@style/AppTheme"
68-->src/main/AndroidManifest.xml:20:7-38
69        android:usesCleartextTraffic="true" >
69-->src/debug/AndroidManifest.xml:6:9-44
70        <activity
70-->src/main/AndroidManifest.xml:21:7-42:18
71            android:name="com.sageswedlock.MainActivity"
71-->src/main/AndroidManifest.xml:22:9-37
72            android:configChanges="keyboard|keyboardHidden|orientation|screenLayout|screenSize|smallestScreenSize|uiMode"
72-->src/main/AndroidManifest.xml:24:9-118
73            android:exported="true"
73-->src/main/AndroidManifest.xml:28:9-32
74            android:label="@string/app_name"
74-->src/main/AndroidManifest.xml:23:9-41
75            android:launchMode="singleTask"
75-->src/main/AndroidManifest.xml:25:9-40
76            android:screenOrientation="portrait"
76-->src/main/AndroidManifest.xml:27:9-45
77            android:windowSoftInputMode="adjustResize" >
77-->src/main/AndroidManifest.xml:26:9-51
78            <intent-filter>
78-->src/main/AndroidManifest.xml:29:9-32:25
79                <action android:name="android.intent.action.MAIN" />
79-->src/main/AndroidManifest.xml:30:13-65
79-->src/main/AndroidManifest.xml:30:21-62
80
81                <category android:name="android.intent.category.LAUNCHER" />
81-->src/main/AndroidManifest.xml:31:13-73
81-->src/main/AndroidManifest.xml:31:23-70
82            </intent-filter>
83
84            <!-- New intent-filter for deep linking -->
85            <intent-filter>
85-->src/main/AndroidManifest.xml:36:13-41:29
86                <action android:name="android.intent.action.VIEW" />
86-->src/main/AndroidManifest.xml:37:17-69
86-->src/main/AndroidManifest.xml:37:25-66
87
88                <category android:name="android.intent.category.DEFAULT" />
88-->src/main/AndroidManifest.xml:38:17-76
88-->src/main/AndroidManifest.xml:38:27-73
89                <category android:name="android.intent.category.BROWSABLE" />
89-->src/main/AndroidManifest.xml:39:17-78
89-->src/main/AndroidManifest.xml:39:27-75
90
91                <data android:scheme="sageswedlock" />
91-->src/main/AndroidManifest.xml:40:17-55
91-->src/main/AndroidManifest.xml:40:23-52
92            </intent-filter>
93        </activity>
94
95        <provider
95-->[:react-native-share] AndroidManifest.xml:8:9-16:20
96            android:name="cl.json.RNShareFileProvider"
96-->[:react-native-share] AndroidManifest.xml:9:13-55
97            android:authorities="com.sageswedlock.rnshare.fileprovider"
97-->[:react-native-share] AndroidManifest.xml:10:13-72
98            android:exported="false"
98-->[:react-native-share] AndroidManifest.xml:11:13-37
99            android:grantUriPermissions="true" >
99-->[:react-native-share] AndroidManifest.xml:12:13-47
100            <meta-data
100-->[:react-native-share] AndroidManifest.xml:13:13-15:64
101                android:name="android.support.FILE_PROVIDER_PATHS"
101-->[:react-native-share] AndroidManifest.xml:14:17-67
102                android:resource="@xml/share_download_paths" />
102-->[:react-native-share] AndroidManifest.xml:15:17-61
103        </provider>
104
105        <service
105-->[:react-native-firebase_messaging] AndroidManifest.xml:12:9-14:40
106            android:name="io.invertase.firebase.messaging.ReactNativeFirebaseMessagingHeadlessService"
106-->[:react-native-firebase_messaging] AndroidManifest.xml:13:13-103
107            android:exported="false" />
107-->[:react-native-firebase_messaging] AndroidManifest.xml:14:13-37
108        <service
108-->[:react-native-firebase_messaging] AndroidManifest.xml:15:9-21:19
109            android:name="io.invertase.firebase.messaging.ReactNativeFirebaseMessagingService"
109-->[:react-native-firebase_messaging] AndroidManifest.xml:16:13-95
110            android:exported="false" >
110-->[:react-native-firebase_messaging] AndroidManifest.xml:17:13-37
111            <intent-filter>
111-->[:react-native-firebase_messaging] AndroidManifest.xml:18:13-20:29
112                <action android:name="com.google.firebase.MESSAGING_EVENT" />
112-->[:react-native-firebase_messaging] AndroidManifest.xml:19:17-78
112-->[:react-native-firebase_messaging] AndroidManifest.xml:19:25-75
113            </intent-filter>
114        </service>
115
116        <receiver
116-->[:react-native-firebase_messaging] AndroidManifest.xml:23:9-30:20
117            android:name="io.invertase.firebase.messaging.ReactNativeFirebaseMessagingReceiver"
117-->[:react-native-firebase_messaging] AndroidManifest.xml:24:13-96
118            android:exported="true"
118-->[:react-native-firebase_messaging] AndroidManifest.xml:25:13-36
119            android:permission="com.google.android.c2dm.permission.SEND" >
119-->[:react-native-firebase_messaging] AndroidManifest.xml:26:13-73
120            <intent-filter>
120-->[:react-native-firebase_messaging] AndroidManifest.xml:27:13-29:29
121                <action android:name="com.google.android.c2dm.intent.RECEIVE" />
121-->[:react-native-firebase_messaging] AndroidManifest.xml:28:17-81
121-->[:react-native-firebase_messaging] AndroidManifest.xml:28:25-78
122            </intent-filter>
123        </receiver>
124
125        <meta-data
125-->[:react-native-firebase_messaging] AndroidManifest.xml:32:9-34:36
126            android:name="firebase_messaging_auto_init_enabled"
126-->[:react-native-firebase_messaging] AndroidManifest.xml:33:13-64
127            android:value="true" />
127-->[:react-native-firebase_messaging] AndroidManifest.xml:34:13-33
128        <meta-data
128-->[:react-native-firebase_messaging] AndroidManifest.xml:35:9-37:32
129            android:name="com.google.firebase.messaging.default_notification_channel_id"
129-->[:react-native-firebase_messaging] AndroidManifest.xml:36:13-89
130            android:value="" />
130-->[:react-native-firebase_messaging] AndroidManifest.xml:37:13-29
131        <meta-data
131-->[:react-native-firebase_messaging] AndroidManifest.xml:38:9-40:47
132            android:name="com.google.firebase.messaging.default_notification_color"
132-->[:react-native-firebase_messaging] AndroidManifest.xml:39:13-84
133            android:resource="@color/white" />
133-->[:react-native-firebase_messaging] AndroidManifest.xml:40:13-44
134        <meta-data
134-->[:react-native-firebase_app] AndroidManifest.xml:9:9-11:36
135            android:name="app_data_collection_default_enabled"
135-->[:react-native-firebase_app] AndroidManifest.xml:10:13-63
136            android:value="true" />
136-->[:react-native-firebase_app] AndroidManifest.xml:11:13-33
137
138        <service
138-->[:react-native-firebase_app] AndroidManifest.xml:13:9-21:19
139            android:name="com.google.firebase.components.ComponentDiscoveryService"
139-->[:react-native-firebase_app] AndroidManifest.xml:14:13-84
140            android:directBootAware="true"
140-->[:react-native-firebase_app] AndroidManifest.xml:15:13-43
141            android:exported="false" >
141-->[:react-native-firebase_app] AndroidManifest.xml:16:13-37
142            <meta-data
142-->[:react-native-firebase_app] AndroidManifest.xml:18:13-20:85
143                android:name="com.google.firebase.components:io.invertase.firebase.app.ReactNativeFirebaseAppRegistrar"
143-->[:react-native-firebase_app] AndroidManifest.xml:19:17-120
144                android:value="com.google.firebase.components.ComponentRegistrar" />
144-->[:react-native-firebase_app] AndroidManifest.xml:20:17-82
145            <meta-data
145-->[com.google.firebase:firebase-auth:23.0.0] AndroidManifest.xml:69:13-71:85
146                android:name="com.google.firebase.components:com.google.firebase.auth.FirebaseAuthRegistrar"
146-->[com.google.firebase:firebase-auth:23.0.0] AndroidManifest.xml:70:17-109
147                android:value="com.google.firebase.components.ComponentRegistrar" />
147-->[com.google.firebase:firebase-auth:23.0.0] AndroidManifest.xml:71:17-82
148            <meta-data
148-->[com.google.firebase:firebase-firestore:25.1.0] AndroidManifest.xml:17:13-19:85
149                android:name="com.google.firebase.components:com.google.firebase.firestore.FirebaseFirestoreKtxRegistrar"
149-->[com.google.firebase:firebase-firestore:25.1.0] AndroidManifest.xml:18:17-122
150                android:value="com.google.firebase.components.ComponentRegistrar" />
150-->[com.google.firebase:firebase-firestore:25.1.0] AndroidManifest.xml:19:17-82
151            <meta-data
151-->[com.google.firebase:firebase-firestore:25.1.0] AndroidManifest.xml:20:13-22:85
152                android:name="com.google.firebase.components:com.google.firebase.firestore.FirestoreRegistrar"
152-->[com.google.firebase:firebase-firestore:25.1.0] AndroidManifest.xml:21:17-111
153                android:value="com.google.firebase.components.ComponentRegistrar" />
153-->[com.google.firebase:firebase-firestore:25.1.0] AndroidManifest.xml:22:17-82
154            <meta-data
154-->[com.google.firebase:firebase-messaging:24.0.1] AndroidManifest.xml:57:13-59:85
155                android:name="com.google.firebase.components:com.google.firebase.messaging.FirebaseMessagingKtxRegistrar"
155-->[com.google.firebase:firebase-messaging:24.0.1] AndroidManifest.xml:58:17-122
156                android:value="com.google.firebase.components.ComponentRegistrar" />
156-->[com.google.firebase:firebase-messaging:24.0.1] AndroidManifest.xml:59:17-82
157            <meta-data
157-->[com.google.firebase:firebase-messaging:24.0.1] AndroidManifest.xml:60:13-62:85
158                android:name="com.google.firebase.components:com.google.firebase.messaging.FirebaseMessagingRegistrar"
158-->[com.google.firebase:firebase-messaging:24.0.1] AndroidManifest.xml:61:17-119
159                android:value="com.google.firebase.components.ComponentRegistrar" />
159-->[com.google.firebase:firebase-messaging:24.0.1] AndroidManifest.xml:62:17-82
160            <meta-data
160-->[com.google.firebase:firebase-storage:21.0.0] AndroidManifest.xml:30:13-32:85
161                android:name="com.google.firebase.components:com.google.firebase.storage.FirebaseStorageKtxRegistrar"
161-->[com.google.firebase:firebase-storage:21.0.0] AndroidManifest.xml:31:17-118
162                android:value="com.google.firebase.components.ComponentRegistrar" />
162-->[com.google.firebase:firebase-storage:21.0.0] AndroidManifest.xml:32:17-82
163            <meta-data
163-->[com.google.firebase:firebase-storage:21.0.0] AndroidManifest.xml:33:13-35:85
164                android:name="com.google.firebase.components:com.google.firebase.storage.StorageRegistrar"
164-->[com.google.firebase:firebase-storage:21.0.0] AndroidManifest.xml:34:17-107
165                android:value="com.google.firebase.components.ComponentRegistrar" />
165-->[com.google.firebase:firebase-storage:21.0.0] AndroidManifest.xml:35:17-82
166            <meta-data
166-->[com.google.firebase:firebase-installations:18.0.0] AndroidManifest.xml:15:13-17:85
167                android:name="com.google.firebase.components:com.google.firebase.installations.FirebaseInstallationsKtxRegistrar"
167-->[com.google.firebase:firebase-installations:18.0.0] AndroidManifest.xml:16:17-130
168                android:value="com.google.firebase.components.ComponentRegistrar" />
168-->[com.google.firebase:firebase-installations:18.0.0] AndroidManifest.xml:17:17-82
169            <meta-data
169-->[com.google.firebase:firebase-installations:18.0.0] AndroidManifest.xml:18:13-20:85
170                android:name="com.google.firebase.components:com.google.firebase.installations.FirebaseInstallationsRegistrar"
170-->[com.google.firebase:firebase-installations:18.0.0] AndroidManifest.xml:19:17-127
171                android:value="com.google.firebase.components.ComponentRegistrar" />
171-->[com.google.firebase:firebase-installations:18.0.0] AndroidManifest.xml:20:17-82
172            <meta-data
172-->[com.google.firebase:firebase-appcheck:18.0.0] AndroidManifest.xml:25:13-27:85
173                android:name="com.google.firebase.components:com.google.firebase.appcheck.FirebaseAppCheckKtxRegistrar"
173-->[com.google.firebase:firebase-appcheck:18.0.0] AndroidManifest.xml:26:17-120
174                android:value="com.google.firebase.components.ComponentRegistrar" />
174-->[com.google.firebase:firebase-appcheck:18.0.0] AndroidManifest.xml:27:17-82
175            <meta-data
175-->[com.google.firebase:firebase-appcheck:18.0.0] AndroidManifest.xml:28:13-30:85
176                android:name="com.google.firebase.components:com.google.firebase.appcheck.FirebaseAppCheckRegistrar"
176-->[com.google.firebase:firebase-appcheck:18.0.0] AndroidManifest.xml:29:17-117
177                android:value="com.google.firebase.components.ComponentRegistrar" />
177-->[com.google.firebase:firebase-appcheck:18.0.0] AndroidManifest.xml:30:17-82
178            <meta-data
178-->[com.google.firebase:firebase-common-ktx:21.0.0] AndroidManifest.xml:12:13-14:85
179                android:name="com.google.firebase.components:com.google.firebase.ktx.FirebaseCommonLegacyRegistrar"
179-->[com.google.firebase:firebase-common-ktx:21.0.0] AndroidManifest.xml:13:17-116
180                android:value="com.google.firebase.components.ComponentRegistrar" />
180-->[com.google.firebase:firebase-common-ktx:21.0.0] AndroidManifest.xml:14:17-82
181            <meta-data
181-->[com.google.firebase:firebase-common:21.0.0] AndroidManifest.xml:35:13-37:85
182                android:name="com.google.firebase.components:com.google.firebase.FirebaseCommonKtxRegistrar"
182-->[com.google.firebase:firebase-common:21.0.0] AndroidManifest.xml:36:17-109
183                android:value="com.google.firebase.components.ComponentRegistrar" />
183-->[com.google.firebase:firebase-common:21.0.0] AndroidManifest.xml:37:17-82
184            <meta-data
184-->[com.google.firebase:firebase-datatransport:18.2.0] AndroidManifest.xml:25:13-27:85
185                android:name="com.google.firebase.components:com.google.firebase.datatransport.TransportRegistrar"
185-->[com.google.firebase:firebase-datatransport:18.2.0] AndroidManifest.xml:26:17-115
186                android:value="com.google.firebase.components.ComponentRegistrar" />
186-->[com.google.firebase:firebase-datatransport:18.2.0] AndroidManifest.xml:27:17-82
187        </service>
188
189        <provider
189-->[:react-native-firebase_app] AndroidManifest.xml:23:9-27:38
190            android:name="io.invertase.firebase.app.ReactNativeFirebaseAppInitProvider"
190-->[:react-native-firebase_app] AndroidManifest.xml:24:13-88
191            android:authorities="com.sageswedlock.reactnativefirebaseappinitprovider"
191-->[:react-native-firebase_app] AndroidManifest.xml:25:13-86
192            android:exported="false"
192-->[:react-native-firebase_app] AndroidManifest.xml:26:13-37
193            android:initOrder="99" />
193-->[:react-native-firebase_app] AndroidManifest.xml:27:13-35
194        <provider
194-->[:react-native-file-viewer] AndroidManifest.xml:8:9-16:20
195            android:name="com.vinzscam.reactnativefileviewer.FileProvider"
195-->[:react-native-file-viewer] AndroidManifest.xml:9:13-75
196            android:authorities="com.sageswedlock.provider"
196-->[:react-native-file-viewer] AndroidManifest.xml:10:13-60
197            android:exported="false"
197-->[:react-native-file-viewer] AndroidManifest.xml:11:13-37
198            android:grantUriPermissions="true" >
198-->[:react-native-file-viewer] AndroidManifest.xml:12:13-47
199            <meta-data
199-->[:react-native-share] AndroidManifest.xml:13:13-15:64
200                android:name="android.support.FILE_PROVIDER_PATHS"
200-->[:react-native-share] AndroidManifest.xml:14:17-67
201                android:resource="@xml/file_viewer_provider_paths" />
201-->[:react-native-share] AndroidManifest.xml:15:17-61
202        </provider>
203        <provider
203-->[:react-native-image-crop-picker] AndroidManifest.xml:18:9-26:20
204            android:name="com.reactnative.ivpusic.imagepicker.IvpusicImagePickerFileProvider"
204-->[:react-native-image-crop-picker] AndroidManifest.xml:19:13-94
205            android:authorities="com.sageswedlock.provider"
205-->[:react-native-image-crop-picker] AndroidManifest.xml:20:13-60
206            android:exported="false"
206-->[:react-native-image-crop-picker] AndroidManifest.xml:21:13-37
207            android:grantUriPermissions="true" >
207-->[:react-native-image-crop-picker] AndroidManifest.xml:22:13-47
208            <meta-data
208-->[:react-native-share] AndroidManifest.xml:13:13-15:64
209                android:name="android.support.FILE_PROVIDER_PATHS"
209-->[:react-native-share] AndroidManifest.xml:14:17-67
210                android:resource="@xml/ivpusic_imagepicker_provider_paths" />
210-->[:react-native-share] AndroidManifest.xml:15:17-61
211        </provider>
212
213        <activity
213-->[:react-native-image-crop-picker] AndroidManifest.xml:28:9-30:72
214            android:name="com.yalantis.ucrop.UCropActivity"
214-->[:react-native-image-crop-picker] AndroidManifest.xml:29:13-60
215            android:theme="@style/Theme.AppCompat.Light.NoActionBar" />
215-->[:react-native-image-crop-picker] AndroidManifest.xml:30:13-69
216
217        <provider
217-->[:react-native-image-picker] AndroidManifest.xml:8:9-16:20
218            android:name="com.imagepicker.ImagePickerProvider"
218-->[:react-native-image-picker] AndroidManifest.xml:9:13-63
219            android:authorities="com.sageswedlock.imagepickerprovider"
219-->[:react-native-image-picker] AndroidManifest.xml:10:13-71
220            android:exported="false"
220-->[:react-native-image-picker] AndroidManifest.xml:11:13-37
221            android:grantUriPermissions="true" >
221-->[:react-native-image-picker] AndroidManifest.xml:12:13-47
222            <meta-data
222-->[:react-native-share] AndroidManifest.xml:13:13-15:64
223                android:name="android.support.FILE_PROVIDER_PATHS"
223-->[:react-native-share] AndroidManifest.xml:14:17-67
224                android:resource="@xml/imagepicker_provider_paths" />
224-->[:react-native-share] AndroidManifest.xml:15:17-61
225        </provider>
226        <provider
226-->[:react-native-webview] AndroidManifest.xml:8:9-16:20
227            android:name="com.reactnativecommunity.webview.RNCWebViewFileProvider"
227-->[:react-native-webview] AndroidManifest.xml:9:13-83
228            android:authorities="com.sageswedlock.fileprovider"
228-->[:react-native-webview] AndroidManifest.xml:10:13-64
229            android:exported="false"
229-->[:react-native-webview] AndroidManifest.xml:11:13-37
230            android:grantUriPermissions="true" >
230-->[:react-native-webview] AndroidManifest.xml:12:13-47
231            <meta-data
231-->[:react-native-share] AndroidManifest.xml:13:13-15:64
232                android:name="android.support.FILE_PROVIDER_PATHS"
232-->[:react-native-share] AndroidManifest.xml:14:17-67
233                android:resource="@xml/file_provider_paths" />
233-->[:react-native-share] AndroidManifest.xml:15:17-61
234        </provider>
235
236        <activity
236-->[com.facebook.react:react-android:0.73.6] AndroidManifest.xml:19:9-21:40
237            android:name="com.facebook.react.devsupport.DevSettingsActivity"
237-->[com.facebook.react:react-android:0.73.6] AndroidManifest.xml:20:13-77
238            android:exported="false" />
238-->[com.facebook.react:react-android:0.73.6] AndroidManifest.xml:21:13-37
239        <activity
239-->[com.google.firebase:firebase-auth:23.0.0] AndroidManifest.xml:29:9-46:20
240            android:name="com.google.firebase.auth.internal.GenericIdpActivity"
240-->[com.google.firebase:firebase-auth:23.0.0] AndroidManifest.xml:30:13-80
241            android:excludeFromRecents="true"
241-->[com.google.firebase:firebase-auth:23.0.0] AndroidManifest.xml:31:13-46
242            android:exported="true"
242-->[com.google.firebase:firebase-auth:23.0.0] AndroidManifest.xml:32:13-36
243            android:launchMode="singleTask"
243-->[com.google.firebase:firebase-auth:23.0.0] AndroidManifest.xml:33:13-44
244            android:theme="@android:style/Theme.Translucent.NoTitleBar" >
244-->[com.google.firebase:firebase-auth:23.0.0] AndroidManifest.xml:34:13-72
245            <intent-filter>
245-->[com.google.firebase:firebase-auth:23.0.0] AndroidManifest.xml:35:13-45:29
246                <action android:name="android.intent.action.VIEW" />
246-->src/main/AndroidManifest.xml:37:17-69
246-->src/main/AndroidManifest.xml:37:25-66
247
248                <category android:name="android.intent.category.DEFAULT" />
248-->src/main/AndroidManifest.xml:38:17-76
248-->src/main/AndroidManifest.xml:38:27-73
249                <category android:name="android.intent.category.BROWSABLE" />
249-->src/main/AndroidManifest.xml:39:17-78
249-->src/main/AndroidManifest.xml:39:27-75
250
251                <data
251-->src/main/AndroidManifest.xml:40:17-55
252                    android:host="firebase.auth"
253                    android:path="/"
254                    android:scheme="genericidp" />
254-->src/main/AndroidManifest.xml:40:23-52
255            </intent-filter>
256        </activity>
257        <activity
257-->[com.google.firebase:firebase-auth:23.0.0] AndroidManifest.xml:47:9-64:20
258            android:name="com.google.firebase.auth.internal.RecaptchaActivity"
258-->[com.google.firebase:firebase-auth:23.0.0] AndroidManifest.xml:48:13-79
259            android:excludeFromRecents="true"
259-->[com.google.firebase:firebase-auth:23.0.0] AndroidManifest.xml:49:13-46
260            android:exported="true"
260-->[com.google.firebase:firebase-auth:23.0.0] AndroidManifest.xml:50:13-36
261            android:launchMode="singleTask"
261-->[com.google.firebase:firebase-auth:23.0.0] AndroidManifest.xml:51:13-44
262            android:theme="@android:style/Theme.Translucent.NoTitleBar" >
262-->[com.google.firebase:firebase-auth:23.0.0] AndroidManifest.xml:52:13-72
263            <intent-filter>
263-->[com.google.firebase:firebase-auth:23.0.0] AndroidManifest.xml:53:13-63:29
264                <action android:name="android.intent.action.VIEW" />
264-->src/main/AndroidManifest.xml:37:17-69
264-->src/main/AndroidManifest.xml:37:25-66
265
266                <category android:name="android.intent.category.DEFAULT" />
266-->src/main/AndroidManifest.xml:38:17-76
266-->src/main/AndroidManifest.xml:38:27-73
267                <category android:name="android.intent.category.BROWSABLE" />
267-->src/main/AndroidManifest.xml:39:17-78
267-->src/main/AndroidManifest.xml:39:27-75
268
269                <data
269-->src/main/AndroidManifest.xml:40:17-55
270                    android:host="firebase.auth"
271                    android:path="/"
272                    android:scheme="recaptcha" />
272-->src/main/AndroidManifest.xml:40:23-52
273            </intent-filter>
274        </activity>
275
276        <receiver
276-->[com.google.firebase:firebase-messaging:24.0.1] AndroidManifest.xml:29:9-40:20
277            android:name="com.google.firebase.iid.FirebaseInstanceIdReceiver"
277-->[com.google.firebase:firebase-messaging:24.0.1] AndroidManifest.xml:30:13-78
278            android:exported="true"
278-->[com.google.firebase:firebase-messaging:24.0.1] AndroidManifest.xml:31:13-36
279            android:permission="com.google.android.c2dm.permission.SEND" >
279-->[com.google.firebase:firebase-messaging:24.0.1] AndroidManifest.xml:32:13-73
280            <intent-filter>
280-->[:react-native-firebase_messaging] AndroidManifest.xml:27:13-29:29
281                <action android:name="com.google.android.c2dm.intent.RECEIVE" />
281-->[:react-native-firebase_messaging] AndroidManifest.xml:28:17-81
281-->[:react-native-firebase_messaging] AndroidManifest.xml:28:25-78
282            </intent-filter>
283
284            <meta-data
284-->[com.google.firebase:firebase-messaging:24.0.1] AndroidManifest.xml:37:13-39:40
285                android:name="com.google.android.gms.cloudmessaging.FINISHED_AFTER_HANDLED"
285-->[com.google.firebase:firebase-messaging:24.0.1] AndroidManifest.xml:38:17-92
286                android:value="true" />
286-->[com.google.firebase:firebase-messaging:24.0.1] AndroidManifest.xml:39:17-37
287        </receiver>
288        <!--